<?xml version="1.0" encoding="UTF-8"?>
<testng-results skipped="0" failed="1" ignored="0" total="4" passed="3">
  <reporter-output>
  </reporter-output>
  <suite name="Suite" duration-ms="117876" started-at="2018-11-28T00:13:17Z" finished-at="2018-11-28T00:15:15Z">
    <groups>
    </groups>
    <test name="Test Validating Login" duration-ms="79645" started-at="2018-11-28T00:13:17Z" finished-at="2018-11-28T00:14:37Z">
      <class name="testPackage.validateLogin">
        <test-method status="PASS" signature="initializeTest()[pri:0, instance:testPackage.validateLogin@313ac989]" name="initializeTest" is-config="true" duration-ms="15841" started-at="2018-11-28T00:13:17Z" finished-at="2018-11-28T00:13:33Z">
          <reporter-output>
          </reporter-output>
        </test-method> <!-- initializeTest -->
        <test-method status="PASS" signature="validateLoginTest(java.lang.String, java.lang.String)[pri:0, instance:testPackage.validateLogin@313ac989]" name="validateLoginTest" duration-ms="33272" started-at="2018-11-28T00:13:33Z" data-provider="getLoginData" finished-at="2018-11-28T00:14:06Z">
          <params>
            <param index="0">
              <value>
                <![CDATA[nonrestricteduser@qw.com]]>
              </value>
            </param>
            <param index="1">
              <value>
                <![CDATA[12345]]>
              </value>
            </param>
          </params>
          <reporter-output>
          </reporter-output>
        </test-method> <!-- validateLoginTest -->
        <test-method status="PASS" signature="validateLoginTest(java.lang.String, java.lang.String)[pri:0, instance:testPackage.validateLogin@313ac989]" name="validateLoginTest" duration-ms="27429" started-at="2018-11-28T00:14:06Z" data-provider="getLoginData" finished-at="2018-11-28T00:14:34Z">
          <params>
            <param index="0">
              <value>
                <![CDATA[restricteduser@qw.com]]>
              </value>
            </param>
            <param index="1">
              <value>
                <![CDATA[56789]]>
              </value>
            </param>
          </params>
          <reporter-output>
          </reporter-output>
        </test-method> <!-- validateLoginTest -->
        <test-method status="PASS" signature="tearDown()[pri:0, instance:testPackage.validateLogin@313ac989]" name="tearDown" is-config="true" duration-ms="3073" started-at="2018-11-28T00:14:34Z" finished-at="2018-11-28T00:14:37Z">
          <reporter-output>
          </reporter-output>
        </test-method> <!-- tearDown -->
      </class> <!-- testPackage.validateLogin -->
    </test> <!-- Test Validating Login -->
    <test name="Validating NavBar" duration-ms="18747" started-at="2018-11-28T00:14:37Z" finished-at="2018-11-28T00:14:56Z">
      <class name="testPackage.validateNavBar">
        <test-method status="PASS" signature="initializeTest()[pri:0, instance:testPackage.validateNavBar@3590fc5b]" name="initializeTest" is-config="true" duration-ms="13643" started-at="2018-11-28T00:14:37Z" finished-at="2018-11-28T00:14:51Z">
          <reporter-output>
          </reporter-output>
        </test-method> <!-- initializeTest -->
        <test-method status="PASS" signature="validateNavBarTest()[pri:0, instance:testPackage.validateNavBar@3590fc5b]" name="validateNavBarTest" duration-ms="1487" started-at="2018-11-28T00:14:51Z" finished-at="2018-11-28T00:14:52Z">
          <reporter-output>
          </reporter-output>
        </test-method> <!-- validateNavBarTest -->
        <test-method status="PASS" signature="tearDown()[pri:0, instance:testPackage.validateNavBar@3590fc5b]" name="tearDown" is-config="true" duration-ms="3615" started-at="2018-11-28T00:14:52Z" finished-at="2018-11-28T00:14:56Z">
          <reporter-output>
          </reporter-output>
        </test-method> <!-- tearDown -->
      </class> <!-- testPackage.validateNavBar -->
    </test> <!-- Validating NavBar -->
    <test name="Test Validating Title" duration-ms="19115" started-at="2018-11-28T00:14:56Z" finished-at="2018-11-28T00:15:15Z">
      <class name="testPackage.validateTitle">
        <test-method status="PASS" signature="initializeTest()[pri:0, instance:testPackage.validateTitle@74235045]" name="initializeTest" is-config="true" duration-ms="13140" started-at="2018-11-28T00:14:56Z" finished-at="2018-11-28T00:15:09Z">
          <reporter-output>
          </reporter-output>
        </test-method> <!-- initializeTest -->
        <test-method status="FAIL" signature="validateTitleTest()[pri:0, instance:testPackage.validateTitle@74235045]" name="validateTitleTest" duration-ms="1585" started-at="2018-11-28T00:15:09Z" finished-at="2018-11-28T00:15:11Z">
          <exception class="java.lang.AssertionError">
            <message>
              <![CDATA[expected [FEATURED COURSES123] but found [FEATURED COURSES]]]>
            </message>
            <full-stacktrace>
              <![CDATA[java.lang.AssertionError: expected [FEATURED COURSES123] but found [FEATURED COURSES]
at org.testng.Assert.fail(Assert.java:96)
at org.testng.Assert.failNotEquals(Assert.java:776)
at org.testng.Assert.assertEqualsImpl(Assert.java:137)
at org.testng.Assert.assertEquals(Assert.java:118)
at org.testng.Assert.assertEquals(Assert.java:453)
at org.testng.Assert.assertEquals(Assert.java:463)
at testPackage.validateTitle.validateTitleTest(validateTitle.java:55)
at sun.reflect.NativeMethodAccessorImpl.invoke0(Native Method)
at sun.reflect.NativeMethodAccessorImpl.invoke(Unknown Source)
at sun.reflect.DelegatingMethodAccessorImpl.invoke(Unknown Source)
at java.lang.reflect.Method.invoke(Unknown Source)
at org.testng.internal.MethodInvocationHelper.invokeMethod(MethodInvocationHelper.java:124)
at org.testng.internal.Invoker.invokeMethod(Invoker.java:580)
at org.testng.internal.Invoker.invokeTestMethod(Invoker.java:716)
at org.testng.internal.Invoker.invokeTestMethods(Invoker.java:988)
at org.testng.internal.TestMethodWorker.invokeTestMethods(TestMethodWorker.java:125)
at org.testng.internal.TestMethodWorker.run(TestMethodWorker.java:109)
at org.testng.TestRunner.privateRun(TestRunner.java:648)
at org.testng.TestRunner.run(TestRunner.java:505)
at org.testng.SuiteRunner.runTest(SuiteRunner.java:455)
at org.testng.SuiteRunner.runSequentially(SuiteRunner.java:450)
at org.testng.SuiteRunner.privateRun(SuiteRunner.java:415)
at org.testng.SuiteRunner.run(SuiteRunner.java:364)
at org.testng.SuiteRunnerWorker.runSuite(SuiteRunnerWorker.java:52)
at org.testng.SuiteRunnerWorker.run(SuiteRunnerWorker.java:84)
at org.testng.TestNG.runSuitesSequentially(TestNG.java:1208)
at org.testng.TestNG.runSuitesLocally(TestNG.java:1137)
at org.testng.TestNG.runSuites(TestNG.java:1049)
at org.testng.TestNG.run(TestNG.java:1017)
at org.testng.remote.AbstractRemoteTestNG.run(AbstractRemoteTestNG.java:114)
at org.testng.remote.RemoteTestNG.initAndRun(RemoteTestNG.java:251)
at org.testng.remote.RemoteTestNG.main(RemoteTestNG.java:77)
]]>
            </full-stacktrace>
          </exception> <!-- java.lang.AssertionError -->
          <reporter-output>
          </reporter-output>
        </test-method> <!-- validateTitleTest -->
        <test-method status="PASS" signature="tearDown()[pri:0, instance:testPackage.validateTitle@74235045]" name="tearDown" is-config="true" duration-ms="3812" started-at="2018-11-28T00:15:11Z" finished-at="2018-11-28T00:15:15Z">
          <reporter-output>
          </reporter-output>
        </test-method> <!-- tearDown -->
      </class> <!-- testPackage.validateTitle -->
    </test> <!-- Test Validating Title -->
  </suite> <!-- Suite -->
</testng-results>
